# JRE version: Java(TM) SE Runtime Environment (8.0_111-b14) (build 1.8.0_111-b14)
# Java VM: Java HotSpot(TM) 64-Bit Server VM (25.111-b14 mixed mode bsd-amd64 compressed oops)
Heap:
 PSYoungGen      total 638464K, used 513582K [0x0000000628700000, 0x0000000654400000, 0x00000008a8600000)
  eden space 603136K, 79% used [0x0000000628700000,0x0000000645a28318,0x000000064d400000)
  from space 35328K, 99% used [0x0000000652180000,0x00000006543e37e0,0x0000000654400000)
  to   space 56320K, 0% used [0x000000064d600000,0x000000064d600000,0x0000000650d00000)
 ParOldGen       total 2311168K, used 74005K [0x0000000128800000, 0x00000001b5900000, 0x0000000628700000)
  object space 2311168K, 3% used [0x0000000128800000,0x000000012d045738,0x00000001b5900000)
 Metaspace       used 59807K, capacity 61416K, committed 61696K, reserved 1103872K
  class space    used 6938K, capacity 7309K, committed 7424K, reserved 1048576K
GC Heap History (10 events):
Event: 1037.675 GC heap before
{Heap before GC invocations=5 (full 2):
 PSYoungGen      total 611840K, used 524800K [0x0000000628700000, 0x000000065f400000, 0x00000008a8600000)
  eden space 524800K, 100% used [0x0000000628700000,0x0000000648780000,0x0000000648780000)
  from space 87040K, 0% used [0x000000064dc80000,0x000000064dc80000,0x0000000653180000)
  to   space 87040K, 0% used [0x0000000648780000,0x0000000648780000,0x000000064dc80000)
 ParOldGen       total 1580544K, used 46153K [0x0000000128800000, 0x0000000188f80000, 0x0000000628700000)
  object space 1580544K, 2% used [0x0000000128800000,0x000000012b512468,0x0000000188f80000)
 Metaspace       used 54647K, capacity 55656K, committed 55808K, reserved 1097728K
  class space    used 6557K, capacity 6803K, committed 6912K, reserved 1048576K
Event: 1037.699 GC heap after
Heap after GC invocations=5 (full 2):
 PSYoungGen      total 611840K, used 51955K [0x0000000628700000, 0x0000000653180000, 0x00000008a8600000)
  eden space 524800K, 0% used [0x0000000628700000,0x0000000628700000,0x0000000648780000)
  from space 87040K, 59% used [0x0000000648780000,0x000000064ba3cc20,0x000000064dc80000)
  to   space 87040K, 0% used [0x000000064dc80000,0x000000064dc80000,0x0000000653180000)
 ParOldGen       total 1580544K, used 46169K [0x0000000128800000, 0x0000000188f80000, 0x0000000628700000)
  object space 1580544K, 2% used [0x0000000128800000,0x000000012b516468,0x0000000188f80000)
 Metaspace       used 54647K, capacity 55656K, committed 55808K, reserved 1097728K
  class space    used 6557K, capacity 6803K, committed 6912K, reserved 1048576K
}
Event: 1045.638 GC heap before
{Heap before GC invocations=6 (full 2):
 PSYoungGen      total 611840K, used 208838K [0x0000000628700000, 0x0000000653180000, 0x00000008a8600000)
  eden space 524800K, 29% used [0x0000000628700000,0x0000000632034fc8,0x0000000648780000)
  from space 87040K, 59% used [0x0000000648780000,0x000000064ba3cc20,0x000000064dc80000)
  to   space 87040K, 0% used [0x000000064dc80000,0x000000064dc80000,0x0000000653180000)
 ParOldGen       total 1580544K, used 46169K [0x0000000128800000, 0x0000000188f80000, 0x0000000628700000)
  object space 1580544K, 2% used [0x0000000128800000,0x000000012b516468,0x0000000188f80000)
 Metaspace       used 57382K, capacity 58896K, committed 59008K, reserved 1101824K
  class space    used 6879K, capacity 7267K, committed 7296K, reserved 1048576K
Event: 1045.656 GC heap after
Heap after GC invocations=6 (full 2):
 PSYoungGen      total 611840K, used 47433K [0x0000000628700000, 0x0000000653180000, 0x00000008a8600000)
  eden space 524800K, 0% used [0x0000000628700000,0x0000000628700000,0x0000000648780000)
  from space 87040K, 54% used [0x000000064dc80000,0x0000000650ad2758,0x0000000653180000)
  to   space 87040K, 0% used [0x0000000648780000,0x0000000648780000,0x000000064dc80000)
 ParOldGen       total 1580544K, used 46193K [0x0000000128800000, 0x0000000188f80000, 0x0000000628700000)
  object space 1580544K, 2% used [0x0000000128800000,0x000000012b51c468,0x0000000188f80000)
 Metaspace       used 57382K, capacity 58896K, committed 59008K, reserved 1101824K
  class space    used 6879K, capacity 7267K, committed 7296K, reserved 1048576K
}
Event: 1045.656 GC heap before
{Heap before GC invocations=7 (full 3):
 PSYoungGen      total 611840K, used 47433K [0x0000000628700000, 0x0000000653180000, 0x00000008a8600000)
  eden space 524800K, 0% used [0x0000000628700000,0x0000000628700000,0x0000000648780000)
  from space 87040K, 54% used [0x000000064dc80000,0x0000000650ad2758,0x0000000653180000)
  to   space 87040K, 0% used [0x0000000648780000,0x0000000648780000,0x000000064dc80000)
 ParOldGen       total 1580544K, used 46193K [0x0000000128800000, 0x0000000188f80000, 0x0000000628700000)
  object space 1580544K, 2% used [0x0000000128800000,0x000000012b51c468,0x0000000188f80000)
 Metaspace       used 57382K, capacity 58896K, committed 59008K, reserved 1101824K
  class space    used 6879K, capacity 7267K, committed 7296K, reserved 1048576K
Event: 1045.906 GC heap after
Heap after GC invocations=7 (full 3):
 PSYoungGen      total 611840K, used 0K [0x0000000628700000, 0x0000000653180000, 0x00000008a8600000)
  eden space 524800K, 0% used [0x0000000628700000,0x0000000628700000,0x0000000648780000)
  from space 87040K, 0% used [0x000000064dc80000,0x000000064dc80000,0x0000000653180000)
  to   space 87040K, 0% used [0x0000000648780000,0x0000000648780000,0x000000064dc80000)
 ParOldGen       total 2311168K, used 73989K [0x0000000128800000, 0x00000001b5900000, 0x0000000628700000)
  object space 2311168K, 3% used [0x0000000128800000,0x000000012d041738,0x00000001b5900000)
 Metaspace       used 57382K, capacity 58896K, committed 59008K, reserved 1101824K
  class space    used 6879K, capacity 7267K, committed 7296K, reserved 1048576K
}
Event: 2070.186 GC heap before
{Heap before GC invocations=8 (full 3):
 PSYoungGen      total 611840K, used 524800K [0x0000000628700000, 0x0000000653180000, 0x00000008a8600000)
  eden space 524800K, 100% used [0x0000000628700000,0x0000000648780000,0x0000000648780000)
  from space 87040K, 0% used [0x000000064dc80000,0x000000064dc80000,0x0000000653180000)
  to   space 87040K, 0% used [0x0000000648780000,0x0000000648780000,0x000000064dc80000)
 ParOldGen       total 2311168K, used 73989K [0x0000000128800000, 0x00000001b5900000, 0x0000000628700000)
  object space 2311168K, 3% used [0x0000000128800000,0x000000012d041738,0x00000001b5900000)
 Metaspace       used 59055K, capacity 60714K, committed 60928K, reserved 1103872K
  class space    used 6931K, capacity 7302K, committed 7424K, reserved 1048576K
Event: 2070.194 GC heap after
Heap after GC invocations=8 (full 3):
 PSYoungGen      total 611840K, used 32630K [0x0000000628700000, 0x0000000655a80000, 0x00000008a8600000)
  eden space 524800K, 0% used [0x0000000628700000,0x0000000628700000,0x0000000648780000)
  from space 87040K, 37% used [0x0000000648780000,0x000000064a75da08,0x000000064dc80000)
  to   space 58368K, 0% used [0x0000000652180000,0x0000000652180000,0x0000000655a80000)
 ParOldGen       total 2311168K, used 73997K [0x0000000128800000, 0x00000001b5900000, 0x0000000628700000)
  object space 2311168K, 3% used [0x0000000128800000,0x000000012d043738,0x00000001b5900000)
 Metaspace       used 59055K, capacity 60714K, committed 60928K, reserved 1103872K
  class space    used 6931K, capacity 7302K, committed 7424K, reserved 1048576K
}
Event: 3002.051 GC heap before
{Heap before GC invocations=9 (full 3):
 PSYoungGen      total 611840K, used 557430K [0x0000000628700000, 0x0000000655a80000, 0x00000008a8600000)
  eden space 524800K, 100% used [0x0000000628700000,0x0000000648780000,0x0000000648780000)
  from space 87040K, 37% used [0x0000000648780000,0x000000064a75da08,0x000000064dc80000)
  to   space 58368K, 0% used [0x0000000652180000,0x0000000652180000,0x0000000655a80000)
 ParOldGen       total 2311168K, used 73997K [0x0000000128800000, 0x00000001b5900000, 0x0000000628700000)
  object space 2311168K, 3% used [0x0000000128800000,0x000000012d043738,0x00000001b5900000)
 Metaspace       used 59449K, capacity 61072K, committed 61440K, reserved 1103872K
  class space    used 6935K, capacity 7307K, committed 7424K, reserved 1048576K
Event: 3002.068 GC heap after
Heap after GC invocations=9 (full 3):
 PSYoungGen      total 638464K, used 35213K [0x0000000628700000, 0x0000000654400000, 0x00000008a8600000)
  eden space 603136K, 0% used [0x0000000628700000,0x0000000628700000,0x000000064d400000)
  from space 35328K, 99% used [0x0000000652180000,0x00000006543e37e0,0x0000000654400000)
  to   space 56320K, 0% used [0x000000064d600000,0x000000064d600000,0x0000000650d00000)
 ParOldGen       total 2311168K, used 74005K [0x0000000128800000, 0x00000001b5900000, 0x0000000628700000)
  object space 2311168K, 3% used [0x0000000128800000,0x000000012d045738,0x00000001b5900000)
 Metaspace       used 59449K, capacity 61072K, committed 61440K, reserved 1103872K
  class space    used 6935K, capacity 7307K, committed 7424K, reserved 1048576K
}

